C:\Program Files (x86)\Microsoft Visual Studio\2017\Community\Common7\IDE\VC\VCTargets\Microsoft.CppBuild.targets(376,5): warning MSB8004: Intermediate 目录未以斜杠结尾。  此生成实例将添加斜杠，因为必须有这个斜杠才能正确计算 Intermediate 目录。
C:\Program Files (x86)\Microsoft Visual Studio\2017\Community\Common7\IDE\VC\VCTargets\Microsoft.CppBuild.targets(377,5): warning MSB8004: Output 目录未以斜杠结尾。  此生成实例将添加斜杠，因为必须有这个斜杠才能正确计算 Output 目录。
  lapi.c
  lauxlib.c
  lbaselib.c
  lcode.c
  ldblib.c
  ldebug.c
  ldo.c
  ldump.c
  lfunc.c
  lgc.c
c:\users\liuyue.barry\desktop\ogn\src\shared\modules\lua\src\lgc.c(288): warning C4334: “<<”: 32 位移位的结果被隐式转换为 64 位(是否希望进行 64 位移位?)
  linit.c
  liolib.c
  llex.c
  lmathlib.c
  lmem.c
  loadlib.c
  lobject.c
  lopcodes.c
  loslib.c
  lparser.c
  正在生成代码...
  正在编译...
  lstate.c
  lstring.c
  lstrlib.c
  ltable.c
c:\users\liuyue.barry\desktop\ogn\src\shared\modules\lua\src\ltable.c(323): warning C4334: “<<”: 32 位移位的结果被隐式转换为 64 位(是否希望进行 64 位移位?)
c:\users\liuyue.barry\desktop\ogn\src\shared\modules\lua\src\ltable.c(376): warning C4334: “<<”: 32 位移位的结果被隐式转换为 64 位(是否希望进行 64 位移位?)
  ltablib.c
  ltm.c
  lua.c
  luac.c
  lundump.c
  lvm.c
  lzio.c
  print.c
  正在生成代码...
lua.obj : warning LNK4006: main 已在 luac.obj 中定义；已忽略第二个定义
  lua.vcxproj -> C:\Users\liuyue.barry\Desktop\ogn\build\lua\../../lib\lua64_d.lib
