c:\users\liuyue.barry\desktop\ogn\obj\lua\debug\x64\lua.pdb
c:\users\liuyue.barry\desktop\ogn\obj\lua\debug\x64\lua.idb
c:\users\liuyue.barry\desktop\ogn\obj\lua\debug\x64\lparser.obj
c:\users\liuyue.barry\desktop\ogn\obj\lua\debug\x64\loslib.obj
c:\users\liuyue.barry\desktop\ogn\obj\lua\debug\x64\lopcodes.obj
c:\users\liuyue.barry\desktop\ogn\obj\lua\debug\x64\lobject.obj
c:\users\liuyue.barry\desktop\ogn\obj\lua\debug\x64\loadlib.obj
c:\users\liuyue.barry\desktop\ogn\obj\lua\debug\x64\lmem.obj
c:\users\liuyue.barry\desktop\ogn\obj\lua\debug\x64\lmathlib.obj
c:\users\liuyue.barry\desktop\ogn\obj\lua\debug\x64\llex.obj
c:\users\liuyue.barry\desktop\ogn\obj\lua\debug\x64\liolib.obj
c:\users\liuyue.barry\desktop\ogn\obj\lua\debug\x64\linit.obj
c:\users\liuyue.barry\desktop\ogn\obj\lua\debug\x64\lgc.obj
c:\users\liuyue.barry\desktop\ogn\obj\lua\debug\x64\lfunc.obj
c:\users\liuyue.barry\desktop\ogn\obj\lua\debug\x64\ldump.obj
c:\users\liuyue.barry\desktop\ogn\obj\lua\debug\x64\ldo.obj
c:\users\liuyue.barry\desktop\ogn\obj\lua\debug\x64\ldebug.obj
c:\users\liuyue.barry\desktop\ogn\obj\lua\debug\x64\ldblib.obj
c:\users\liuyue.barry\desktop\ogn\obj\lua\debug\x64\lcode.obj
c:\users\liuyue.barry\desktop\ogn\obj\lua\debug\x64\lbaselib.obj
c:\users\liuyue.barry\desktop\ogn\obj\lua\debug\x64\lauxlib.obj
c:\users\liuyue.barry\desktop\ogn\obj\lua\debug\x64\lapi.obj
c:\users\liuyue.barry\desktop\ogn\obj\lua\debug\x64\print.obj
c:\users\liuyue.barry\desktop\ogn\obj\lua\debug\x64\lzio.obj
c:\users\liuyue.barry\desktop\ogn\obj\lua\debug\x64\lvm.obj
c:\users\liuyue.barry\desktop\ogn\obj\lua\debug\x64\lundump.obj
c:\users\liuyue.barry\desktop\ogn\obj\lua\debug\x64\luac.obj
c:\users\liuyue.barry\desktop\ogn\obj\lua\debug\x64\lua.obj
c:\users\liuyue.barry\desktop\ogn\obj\lua\debug\x64\ltm.obj
c:\users\liuyue.barry\desktop\ogn\obj\lua\debug\x64\ltablib.obj
c:\users\liuyue.barry\desktop\ogn\obj\lua\debug\x64\ltable.obj
c:\users\liuyue.barry\desktop\ogn\obj\lua\debug\x64\lstrlib.obj
c:\users\liuyue.barry\desktop\ogn\obj\lua\debug\x64\lstring.obj
c:\users\liuyue.barry\desktop\ogn\obj\lua\debug\x64\lstate.obj
c:\users\liuyue.barry\desktop\ogn\lib\lua64_d.lib
c:\users\liuyue.barry\desktop\ogn\build\lua\../../lib\lua64_d.lib
c:\users\liuyue.barry\desktop\ogn\obj\lua\debug\x64\lua.tlog\cl.command.1.tlog
c:\users\liuyue.barry\desktop\ogn\obj\lua\debug\x64\lua.tlog\cl.read.1.tlog
c:\users\liuyue.barry\desktop\ogn\obj\lua\debug\x64\lua.tlog\cl.write.1.tlog
c:\users\liuyue.barry\desktop\ogn\obj\lua\debug\x64\lua.tlog\lib-link.read.1.tlog
c:\users\liuyue.barry\desktop\ogn\obj\lua\debug\x64\lua.tlog\lib-link.write.1.tlog
c:\users\liuyue.barry\desktop\ogn\obj\lua\debug\x64\lua.tlog\lib.command.1.tlog
