c:\users\liuyue.barry\desktop\ogn\obj\luabind\debug\x64\luabind.pdb
c:\users\liuyue.barry\desktop\ogn\obj\luabind\debug\x64\luabind.idb
c:\users\liuyue.barry\desktop\ogn\obj\luabind\debug\x64\wrapper_base.obj
c:\users\liuyue.barry\desktop\ogn\obj\luabind\debug\x64\weak_ref.obj
c:\users\liuyue.barry\desktop\ogn\obj\luabind\debug\x64\stack_content_by_name.obj
c:\users\liuyue.barry\desktop\ogn\obj\luabind\debug\x64\scope.obj
c:\users\liuyue.barry\desktop\ogn\obj\luabind\debug\x64\pcall.obj
c:\users\liuyue.barry\desktop\ogn\obj\luabind\debug\x64\open.obj
c:\users\liuyue.barry\desktop\ogn\obj\luabind\debug\x64\object_rep.obj
c:\users\liuyue.barry\desktop\ogn\obj\luabind\debug\x64\link_compatibility.obj
c:\users\liuyue.barry\desktop\ogn\obj\luabind\debug\x64\inheritance.obj
c:\users\liuyue.barry\desktop\ogn\obj\luabind\debug\x64\function.obj
c:\users\liuyue.barry\desktop\ogn\obj\luabind\debug\x64\exception_handler.obj
c:\users\liuyue.barry\desktop\ogn\obj\luabind\debug\x64\error.obj
c:\users\liuyue.barry\desktop\ogn\obj\luabind\debug\x64\create_class.obj
c:\users\liuyue.barry\desktop\ogn\obj\luabind\debug\x64\class_rep.obj
c:\users\liuyue.barry\desktop\ogn\obj\luabind\debug\x64\class_registry.obj
c:\users\liuyue.barry\desktop\ogn\obj\luabind\debug\x64\class_info.obj
c:\users\liuyue.barry\desktop\ogn\obj\luabind\debug\x64\class.obj
c:\users\liuyue.barry\desktop\ogn\lib\luabind64_d.lib
c:\users\liuyue.barry\desktop\ogn\build\luabind\../../lib\luabind64_d.lib
c:\users\liuyue.barry\desktop\ogn\obj\luabind\debug\x64\luabind.tlog\cl.command.1.tlog
c:\users\liuyue.barry\desktop\ogn\obj\luabind\debug\x64\luabind.tlog\cl.read.1.tlog
c:\users\liuyue.barry\desktop\ogn\obj\luabind\debug\x64\luabind.tlog\cl.write.1.tlog
c:\users\liuyue.barry\desktop\ogn\obj\luabind\debug\x64\luabind.tlog\lib-link.read.1.tlog
c:\users\liuyue.barry\desktop\ogn\obj\luabind\debug\x64\luabind.tlog\lib-link.write.1.tlog
c:\users\liuyue.barry\desktop\ogn\obj\luabind\debug\x64\luabind.tlog\lib.command.1.tlog
